Fichiers vides supprimés le Thu Aug 21 21:27:49 EDT 2025:
/Users/mathieu/my-python-project/src/emergency_reset.py
/Users/mathieu/my-python-project/src/ble_traffic_monitor.py
/Users/mathieu/my-python-project/src/stubs/ble_traffic_monitor.py
/Users/mathieu/my-python-project/src/stubs/image_upload_explorer.py
/Users/mathieu/my-python-project/src/stubs/real_image_upload_tester.py
/Users/mathieu/my-python-project/src/stubs/image_upload_analyzer.py
/Users/mathieu/my-python-project/src/image_upload_explorer.py
/Users/mathieu/my-python-project/src/image_selector.py
/Users/mathieu/my-python-project/src/experimental/simple_text_test.py
/Users/mathieu/my-python-project/src/experimental/text_scroll_experiment.py
/Users/mathieu/my-python-project/src/experimental/multi_char_text_test.py
/Users/mathieu/my-python-project/src/advanced_text_test.py
/Users/mathieu/my-python-project/src/pattern_explorer.py
/Users/mathieu/my-python-project/src/final_pattern_test.py
/Users/mathieu/my-python-project/src/mask_codes.py
/Users/mathieu/my-python-project/src/basic_image_test.py
/Users/mathieu/my-python-project/src/simple_text_test.py
/Users/mathieu/my-python-project/src/discover_codes.py
/Users/mathieu/my-python-project/src/encrypted_mask_control.py
/Users/mathieu/my-python-project/src/corrected_text_controller.py
/Users/mathieu/my-python-project/src/systematic_discovery.py
/Users/mathieu/my-python-project/src/test_other_formats.py
/Users/mathieu/my-python-project/src/brightness_controller.py
/Users/mathieu/my-python-project/src/minimal_bitmap_test.py
/Users/mathieu/my-python-project/src/test_data_formats.py
/Users/mathieu/my-python-project/src/text_scroll_experiment.py
/Users/mathieu/my-python-project/src/notification_decoder.py
/Users/mathieu/my-python-project/src/discovery/image_selector.py
/Users/mathieu/my-python-project/src/discovery/final_pattern_test.py
/Users/mathieu/my-python-project/src/discovery/mask_codes.py
/Users/mathieu/my-python-project/src/discovery/discover_codes.py
/Users/mathieu/my-python-project/src/discovery/test_other_formats.py
/Users/mathieu/my-python-project/src/discovery/test_data_formats.py
/Users/mathieu/my-python-project/src/discovery/test_single_code.py
/Users/mathieu/my-python-project/src/discovery/test_all_characteristics.py
/Users/mathieu/my-python-project/src/discovery/simple_test.py
/Users/mathieu/my-python-project/src/discovery/quick_discovery.py
/Users/mathieu/my-python-project/src/quick_mask_demo.py
/Users/mathieu/my-python-project/src/test_single_code.py
/Users/mathieu/my-python-project/src/test_all_characteristics.py
/Users/mathieu/my-python-project/src/real_text_controller.py
/Users/mathieu/my-python-project/src/simple_test.py
/Users/mathieu/my-python-project/src/mask_reset_test.py
/Users/mathieu/my-python-project/src/debug_mask.py
/Users/mathieu/my-python-project/src/quick_discovery.py
/Users/mathieu/my-python-project/src/main.py
/Users/mathieu/my-python-project/src/real_image_upload_tester.py
/Users/mathieu/my-python-project/src/image_upload_analyzer.py
/Users/mathieu/my-python-project/src/multi_char_text_test.py
/Users/mathieu/my-python-project/src/check_mask_state.py
/Users/mathieu/my-python-project/src/debug/notification_decoder.py
/Users/mathieu/my-python-project/src/debug/debug_mask.py
